'main '2017-12-24 20:14:41.422 WARNING  at line 44: 
    ##### - START PROGRAM - ######

'main '2017-12-24 20:14:49.65 WARNING  at line 84: open map
'main '2017-12-24 20:15:09.457 WARNING  at line 211: write stat - ok
---------------------
'main '2017-12-24 20:16:21.766 WARNING  at line 211: write stat - ok
---------------------
'main '2017-12-24 20:17:21.726 WARNING  at line 211: write stat - ok
---------------------
'main '2017-12-24 20:18:21.707 WARNING  at line 211: write stat - ok
---------------------
'main '2017-12-24 20:19:22.154 WARNING  at line 211: write stat - ok
---------------------
'main '2017-12-24 20:20:21.873 WARNING  at line 211: write stat - ok
---------------------
'main '2017-12-24 20:21:22.87 WARNING  at line 211: write stat - ok
---------------------
'main '2017-12-24 20:22:21.876 WARNING  at line 211: write stat - ok
---------------------
'main '2017-12-24 20:23:21.817 WARNING  at line 211: write stat - ok
---------------------
'main '2017-12-24 20:24:21.937 WARNING  at line 211: write stat - ok
---------------------
'main '2017-12-24 20:25:21.979 WARNING  at line 211: write stat - ok
---------------------
'main '2017-12-24 20:26:21.971 WARNING  at line 211: write stat - ok
---------------------
'main '2017-12-24 20:27:21.963 WARNING  at line 211: write stat - ok
---------------------
'main '2017-12-24 20:28:21.937 WARNING  at line 211: write stat - ok
---------------------
'main '2017-12-24 20:29:21.892 WARNING  at line 211: write stat - ok
---------------------
'main '2017-12-24 20:31:21.891 WARNING  at line 211: write stat - ok
---------------------
'main '2017-12-24 20:32:21.878 WARNING  at line 211: write stat - ok
---------------------
'main '2017-12-24 20:33:21.883 WARNING  at line 211: write stat - ok
---------------------
'main '2017-12-24 20:34:21.888 WARNING  at line 211: write stat - ok
---------------------
'main '2017-12-24 20:35:22.40 WARNING  at line 211: write stat - ok
---------------------
'main '2017-12-24 20:36:21.992 WARNING  at line 211: write stat - ok
---------------------
'main '2017-12-24 20:37:22.29 WARNING  at line 211: write stat - ok
---------------------
'main '2017-12-24 20:38:22.60 WARNING  at line 211: write stat - ok
---------------------
'main '2017-12-24 20:39:22.119 WARNING  at line 211: write stat - ok
---------------------
'main '2017-12-24 20:40:21.879 WARNING  at line 211: write stat - ok
---------------------
'main '2017-12-24 20:41:21.866 WARNING  at line 211: write stat - ok
---------------------
'main '2017-12-24 20:42:21.905 WARNING  at line 211: write stat - ok
---------------------
'main '2017-12-24 20:43:21.995 WARNING  at line 211: write stat - ok
---------------------
'main '2017-12-24 20:44:21.963 WARNING  at line 211: write stat - ok
---------------------
'main '2017-12-24 20:45:21.951 WARNING  at line 211: write stat - ok
---------------------
'main '2017-12-24 20:46:21.964 WARNING  at line 211: write stat - ok
---------------------
'main '2017-12-24 20:47:23.16 WARNING  at line 211: write stat - ok
---------------------
'main '2017-12-24 20:48:21.959 WARNING  at line 211: write stat - ok
---------------------
'main '2017-12-24 20:49:22.23 WARNING  at line 211: write stat - ok
---------------------
'main '2017-12-24 20:50:22.71 WARNING  at line 211: write stat - ok
---------------------
'main '2017-12-24 20:51:22.50 WARNING  at line 211: write stat - ok
---------------------
'main '2017-12-24 20:52:21.984 WARNING  at line 211: write stat - ok
---------------------
'main '2017-12-24 20:53:22.318 WARNING  at line 211: write stat - ok
---------------------
'main '2017-12-24 20:55:21.988 WARNING  at line 211: write stat - ok
---------------------
'main '2017-12-24 20:56:21.977 WARNING  at line 211: write stat - ok
---------------------
'main '2017-12-24 20:58:31.185 WARNING  at line 44: 
    ##### - START PROGRAM - ######

'main '2017-12-24 20:58:38.241 WARNING  at line 84: open map
'main '2017-12-24 20:58:58.788 WARNING  at line 211: write stat - ok
---------------------
'main '2017-12-24 20:59:21.899 WARNING  at line 211: write stat - ok
---------------------
'main '2017-12-24 21:00:21.883 WARNING  at line 211: write stat - ok
---------------------
'main '2017-12-24 21:01:21.766 WARNING  at line 211: write stat - ok
---------------------
'main '2017-12-24 21:02:22.444 WARNING  at line 211: write stat - ok
---------------------
'main '2017-12-24 21:03:22.299 WARNING  at line 211: write stat - ok
---------------------
'main '2017-12-24 21:04:21.937 WARNING  at line 211: write stat - ok
---------------------
'main '2017-12-24 21:05:21.925 WARNING  at line 211: write stat - ok
---------------------
'main '2017-12-24 21:06:22.565 WARNING  at line 211: write stat - ok
---------------------
'main '2017-12-24 21:07:22.353 WARNING  at line 211: write stat - ok
---------------------
'main '2017-12-24 21:08:22.65 WARNING  at line 211: write stat - ok
---------------------
'main '2017-12-24 21:09:22.173 WARNING  at line 211: write stat - ok
---------------------
'main '2017-12-24 21:10:21.966 WARNING  at line 211: write stat - ok
---------------------
'main '2017-12-24 21:11:22.8 WARNING  at line 211: write stat - ok
---------------------
'main '2017-12-24 21:12:21.985 WARNING  at line 211: write stat - ok
---------------------
'main '2017-12-24 21:13:21.879 WARNING  at line 211: write stat - ok
---------------------
'main '2017-12-24 21:14:21.830 WARNING  at line 211: write stat - ok
---------------------
'main '2017-12-24 21:15:21.885 WARNING  at line 211: write stat - ok
---------------------
'main '2017-12-24 21:16:21.913 WARNING  at line 211: write stat - ok
---------------------
'main '2017-12-24 21:17:21.905 WARNING  at line 211: write stat - ok
---------------------
'main '2017-12-24 21:18:21.985 WARNING  at line 211: write stat - ok
---------------------
'main '2017-12-24 21:19:21.732 WARNING  at line 211: write stat - ok
---------------------
'main '2017-12-24 21:20:21.766 WARNING  at line 211: write stat - ok
---------------------
'main '2017-12-24 21:21:21.738 WARNING  at line 211: write stat - ok
---------------------
'main '2017-12-24 21:22:21.704 WARNING  at line 211: write stat - ok
---------------------
'main '2017-12-24 21:23:21.772 WARNING  at line 211: write stat - ok
---------------------
'main '2017-12-24 21:24:22.4 WARNING  at line 211: write stat - ok
---------------------
'main '2017-12-24 21:25:22.29 WARNING  at line 211: write stat - ok
---------------------
'main '2017-12-24 21:26:22.10 WARNING  at line 211: write stat - ok
---------------------
'main '2017-12-24 21:27:22.31 WARNING  at line 211: write stat - ok
---------------------
'main '2017-12-24 21:28:21.968 WARNING  at line 211: write stat - ok
---------------------
'main '2017-12-24 21:29:22.46 WARNING  at line 211: write stat - ok
---------------------
'main '2017-12-24 21:30:21.910 WARNING  at line 211: write stat - ok
---------------------
'browser '2017-12-24 21:31:22.899 WARNING  at line 113: get data error
'main '2017-12-24 21:31:23.207 WARNING  at line 211: write stat - ok
---------------------
'main '2017-12-24 21:32:21.979 WARNING  at line 211: write stat - ok
---------------------
'main '2017-12-24 21:33:21.857 WARNING  at line 211: write stat - ok
---------------------
'main '2017-12-24 21:34:21.841 WARNING  at line 211: write stat - ok
---------------------
'main '2017-12-24 21:35:21.858 WARNING  at line 211: write stat - ok
---------------------
'main '2017-12-24 21:36:21.842 WARNING  at line 211: write stat - ok
---------------------
'main '2017-12-24 21:37:21.857 WARNING  at line 211: write stat - ok
---------------------
'main '2017-12-24 21:38:21.855 WARNING  at line 211: write stat - ok
---------------------
'main '2017-12-24 21:39:21.836 WARNING  at line 211: write stat - ok
---------------------
'main '2017-12-24 21:40:21.893 WARNING  at line 211: write stat - ok
---------------------
'main '2017-12-24 21:41:21.872 WARNING  at line 211: write stat - ok
---------------------
'main '2017-12-24 21:42:21.832 WARNING  at line 211: write stat - ok
---------------------
'main '2017-12-24 21:43:21.862 WARNING  at line 211: write stat - ok
---------------------
'main '2017-12-24 21:44:21.870 WARNING  at line 211: write stat - ok
---------------------
'main '2017-12-24 21:45:21.870 WARNING  at line 211: write stat - ok
---------------------
'main '2017-12-24 21:46:21.832 WARNING  at line 211: write stat - ok
---------------------
'main '2017-12-24 21:47:22.507 WARNING  at line 211: write stat - ok
---------------------
'main '2017-12-24 21:48:21.741 WARNING  at line 211: write stat - ok
---------------------
'main '2017-12-24 21:49:21.919 WARNING  at line 211: write stat - ok
---------------------
'main '2017-12-24 21:50:21.934 WARNING  at line 211: write stat - ok
---------------------
'main '2017-12-24 21:51:21.982 WARNING  at line 211: write stat - ok
---------------------
'main '2017-12-24 21:52:22.108 WARNING  at line 211: write stat - ok
---------------------
'main '2017-12-24 21:53:22.27 WARNING  at line 211: write stat - ok
---------------------
'main '2017-12-24 21:54:22.23 WARNING  at line 211: write stat - ok
---------------------
'main '2017-12-24 21:55:21.971 WARNING  at line 211: write stat - ok
---------------------
'main '2017-12-24 21:56:22.111 WARNING  at line 211: write stat - ok
---------------------
'main '2017-12-24 21:57:21.938 WARNING  at line 211: write stat - ok
---------------------
'main '2017-12-24 21:58:21.856 WARNING  at line 211: write stat - ok
---------------------
'main '2017-12-24 21:59:21.888 WARNING  at line 211: write stat - ok
---------------------
'main '2017-12-24 22:00:21.891 WARNING  at line 211: write stat - ok
---------------------
'main '2017-12-24 22:01:21.854 WARNING  at line 211: write stat - ok
---------------------
'main '2017-12-24 22:02:21.898 WARNING  at line 211: write stat - ok
---------------------
