'main '2017-12-22 00:42:26.506 WARNING  at line 41: 
    ##### - START PROGRAM - ######

'main '2017-12-22 00:42:33.606 WARNING  at line 55: open map
'main '2017-12-22 00:42:53.976 WARNING  at line 229: write maps - ok
'main '2017-12-22 00:42:54.74 WARNING  at line 224: write stat - ok
---------------------
'main '2017-12-22 00:43:15.824 WARNING  at line 229: write maps - ok
'main '2017-12-22 00:43:15.978 WARNING  at line 224: write stat - ok
---------------------
'main '2017-12-22 00:43:37.823 WARNING  at line 229: write maps - ok
'main '2017-12-22 00:43:37.928 WARNING  at line 224: write stat - ok
---------------------
'main '2017-12-22 00:44:00.184 WARNING  at line 229: write maps - ok
'main '2017-12-22 00:44:00.419 WARNING  at line 224: write stat - ok
---------------------
'main '2017-12-22 00:44:22.697 WARNING  at line 229: write maps - ok
'main '2017-12-22 00:44:22.833 WARNING  at line 224: write stat - ok
---------------------
'main '2017-12-22 00:44:44.896 WARNING  at line 229: write maps - ok
'main '2017-12-22 00:44:45.22 WARNING  at line 224: write stat - ok
---------------------
'main '2017-12-22 00:45:06.936 WARNING  at line 229: write maps - ok
'main '2017-12-22 00:45:07.51 WARNING  at line 224: write stat - ok
---------------------
'main '2017-12-22 00:45:29.141 WARNING  at line 229: write maps - ok
'main '2017-12-22 00:45:29.246 WARNING  at line 224: write stat - ok
---------------------
'main '2017-12-22 00:45:51.266 WARNING  at line 229: write maps - ok
'main '2017-12-22 00:45:51.384 WARNING  at line 224: write stat - ok
---------------------
